<?xml version="1.0" encoding="UTF-8"?>
<!-- Generated by org.testng.reporters.JUnitXMLReporter -->
<testsuite ignored="0" hostname="DESKTOP-UJ6Q63H" failures="0" tests="4" name="Win11_EdgeLatest-1" time="1.509" errors="0" timestamp="2025-07-13T00:47:11 IST">
  <testcase classname="com.bstack.elpais.baseTest.Basetest" name="@BeforeClass setUp" time="-1.752347830178E9">
    <failure type="org.testng.TestNGException" message="
Parameter &amp;apos;deviceName&amp;apos; is required by BeforeClass on method setUp but has not been marked @Optional or defined
in C:\Users\Vishal Sharma\eclipse-workspace\com.bstack.elpais\testng.xml">
      <![CDATA[org.testng.TestNGException: 
Parameter 'deviceName' is required by BeforeClass on method setUp but has not been marked @Optional or defined
in C:\Users\Vishal Sharma\eclipse-workspace\com.bstack.elpais\testng.xml
at java.base/java.util.ArrayList.forEach(ArrayList.java:1596)
at java.base/java.util.concurrent.FutureTask.run(FutureTask.java:317)
at java.base/java.util.concurrent.ThreadPoolExecutor.runWorker(ThreadPoolExecutor.java:1144)
at java.base/java.util.concurrent.ThreadPoolExecutor$Worker.run(ThreadPoolExecutor.java:642)
at java.base/java.lang.Thread.run(Thread.java:1583)
... Removed 12 stack frames]]>
    </failure>
  </testcase> <!-- @BeforeClass setUp -->
  <testcase classname="com.bstack.elpais.baseTest.Basetest" name="@BeforeClass setUp" time="-1.752347830977E9">
    <failure type="org.testng.TestNGException" message="
Parameter &amp;apos;deviceName&amp;apos; is required by BeforeClass on method setUp but has not been marked @Optional or defined
in C:\Users\Vishal Sharma\eclipse-workspace\com.bstack.elpais\testng.xml">
      <![CDATA[org.testng.TestNGException: 
Parameter 'deviceName' is required by BeforeClass on method setUp but has not been marked @Optional or defined
in C:\Users\Vishal Sharma\eclipse-workspace\com.bstack.elpais\testng.xml
at java.base/java.util.ArrayList.forEach(ArrayList.java:1596)
at java.base/java.util.concurrent.FutureTask.run(FutureTask.java:317)
at java.base/java.util.concurrent.ThreadPoolExecutor.runWorker(ThreadPoolExecutor.java:1144)
at java.base/java.util.concurrent.ThreadPoolExecutor$Worker.run(ThreadPoolExecutor.java:642)
at java.base/java.lang.Thread.run(Thread.java:1583)
... Removed 12 stack frames]]>
    </failure>
  </testcase> <!-- @BeforeClass setUp -->
  <testcase classname="com.bstack.elpais.testcases.CheckSpanishTest" name="checkSpanishLanguage" time="0.0">
    <skipped/>
  </testcase> <!-- checkSpanishLanguage -->
  <testcase classname="com.bstack.elpais.testcases.ScrapeOpinionArticlesTest" name="scrapeArticlesFromOpinion" time="0.0">
    <skipped/>
  </testcase> <!-- scrapeArticlesFromOpinion -->
  <testcase classname="com.bstack.elpais.testcases.ScrapeOpinionArticlesTest" name="translateArticleHeaders" time="0.0">
    <skipped/>
  </testcase> <!-- translateArticleHeaders -->
  <testcase classname="com.bstack.elpais.testcases.ScrapeOpinionArticlesTest" name="analyzeTranslatedHeaders" time="0.0">
    <skipped/>
  </testcase> <!-- analyzeTranslatedHeaders -->
</testsuite> <!-- Win11_EdgeLatest-1 -->
